# JRE version: Java(TM) SE Runtime Environment (8.0_25-b18) (build 1.8.0_25-b18)
# Java VM: Java HotSpot(TM) 64-Bit Server VM (25.25-b02 mixed mode windows-amd64 compressed oops)
Heap:
 PSYoungGen      total 56832K, used 14776K [0x00000000eeb00000, 0x00000000f5b00000, 0x0000000100000000)
  eden space 53248K, 27% used [0x00000000eeb00000,0x00000000ef96e2f8,0x00000000f1f00000)
  from space 3584K, 0% used [0x00000000f1f00000,0x00000000f1f00000,0x00000000f2280000)
  to   space 4096K, 0% used [0x00000000f5700000,0x00000000f5700000,0x00000000f5b00000)
 ParOldGen       total 35840K, used 3746K [0x00000000cc000000, 0x00000000ce300000, 0x00000000eeb00000)
  object space 35840K, 10% used [0x00000000cc000000,0x00000000cc3a8b40,0x00000000ce300000)
 Metaspace       used 11742K, capacity 11869K, committed 12032K, reserved 1060864K
  class space    used 1448K, capacity 1507K, committed 1536K, reserved 1048576K
GC Heap History (10 events):
Event: 9.609 GC heap before
{Heap before GC invocations=3 (full 0):
 PSYoungGen      total 15360K, used 15360K [0x00000000eeb00000, 0x00000000f0900000, 0x0000000100000000)
  eden space 13312K, 100% used [0x00000000eeb00000,0x00000000ef800000,0x00000000ef800000)
  from space 2048K, 100% used [0x00000000efa00000,0x00000000efc00000,0x00000000efc00000)
  to   space 2048K, 0% used [0x00000000ef800000,0x00000000ef800000,0x00000000efa00000)
 ParOldGen       total 35840K, used 1710K [0x00000000cc000000, 0x00000000ce300000, 0x00000000eeb00000)
  object space 35840K, 4% used [0x00000000cc000000,0x00000000cc1abb28,0x00000000ce300000)
 Metaspace       used 11742K, capacity 11869K, committed 12032K, reserved 1060864K
  class space    used 1448K, capacity 1507K, committed 1536K, reserved 1048576K
Event: 9.618 GC heap after
Heap after GC invocations=3 (full 0):
 PSYoungGen      total 15360K, used 2048K [0x00000000eeb00000, 0x00000000f0900000, 0x0000000100000000)
  eden space 13312K, 0% used [0x00000000eeb00000,0x00000000eeb00000,0x00000000ef800000)
  from space 2048K, 100% used [0x00000000ef800000,0x00000000efa00000,0x00000000efa00000)
  to   space 2048K, 0% used [0x00000000f0700000,0x00000000f0700000,0x00000000f0900000)
 ParOldGen       total 35840K, used 1710K [0x00000000cc000000, 0x00000000ce300000, 0x00000000eeb00000)
  object space 35840K, 4% used [0x00000000cc000000,0x00000000cc1abb28,0x00000000ce300000)
 Metaspace       used 11742K, capacity 11869K, committed 12032K, reserved 1060864K
  class space    used 1448K, capacity 1507K, committed 1536K, reserved 1048576K
}
Event: 9.641 GC heap before
{Heap before GC invocations=4 (full 0):
 PSYoungGen      total 15360K, used 15360K [0x00000000eeb00000, 0x00000000f0900000, 0x0000000100000000)
  eden space 13312K, 100% used [0x00000000eeb00000,0x00000000ef800000,0x00000000ef800000)
  from space 2048K, 100% used [0x00000000ef800000,0x00000000efa00000,0x00000000efa00000)
  to   space 2048K, 0% used [0x00000000f0700000,0x00000000f0700000,0x00000000f0900000)
 ParOldGen       total 35840K, used 1710K [0x00000000cc000000, 0x00000000ce300000, 0x00000000eeb00000)
  object space 35840K, 4% used [0x00000000cc000000,0x00000000cc1abb28,0x00000000ce300000)
 Metaspace       used 11742K, capacity 11869K, committed 12032K, reserved 1060864K
  class space    used 1448K, capacity 1507K, committed 1536K, reserved 1048576K
Event: 9.654 GC heap after
Heap after GC invocations=4 (full 0):
 PSYoungGen      total 28672K, used 2048K [0x00000000eeb00000, 0x00000000f0900000, 0x0000000100000000)
  eden space 26624K, 0% used [0x00000000eeb00000,0x00000000eeb00000,0x00000000f0500000)
  from space 2048K, 100% used [0x00000000f0700000,0x00000000f0900000,0x00000000f0900000)
  to   space 2048K, 0% used [0x00000000f0500000,0x00000000f0500000,0x00000000f0700000)
 ParOldGen       total 35840K, used 1710K [0x00000000cc000000, 0x00000000ce300000, 0x00000000eeb00000)
  object space 35840K, 4% used [0x00000000cc000000,0x00000000cc1abb28,0x00000000ce300000)
 Metaspace       used 11742K, capacity 11869K, committed 12032K, reserved 1060864K
  class space    used 1448K, capacity 1507K, committed 1536K, reserved 1048576K
}
Event: 9.705 GC heap before
{Heap before GC invocations=5 (full 0):
 PSYoungGen      total 28672K, used 28672K [0x00000000eeb00000, 0x00000000f0900000, 0x0000000100000000)
  eden space 26624K, 100% used [0x00000000eeb00000,0x00000000f0500000,0x00000000f0500000)
  from space 2048K, 100% used [0x00000000f0700000,0x00000000f0900000,0x00000000f0900000)
  to   space 2048K, 0% used [0x00000000f0500000,0x00000000f0500000,0x00000000f0700000)
 ParOldGen       total 35840K, used 1710K [0x00000000cc000000, 0x00000000ce300000, 0x00000000eeb00000)
  object space 35840K, 4% used [0x00000000cc000000,0x00000000cc1abb28,0x00000000ce300000)
 Metaspace       used 11742K, capacity 11869K, committed 12032K, reserved 1060864K
  class space    used 1448K, capacity 1507K, committed 1536K, reserved 1048576K
Event: 9.714 GC heap after
Heap after GC invocations=5 (full 0):
 PSYoungGen      total 28672K, used 2048K [0x00000000eeb00000, 0x00000000f2700000, 0x0000000100000000)
  eden space 26624K, 0% used [0x00000000eeb00000,0x00000000eeb00000,0x00000000f0500000)
  from space 2048K, 100% used [0x00000000f0500000,0x00000000f0700000,0x00000000f0700000)
  to   space 4096K, 0% used [0x00000000f2300000,0x00000000f2300000,0x00000000f2700000)
 ParOldGen       total 35840K, used 1710K [0x00000000cc000000, 0x00000000ce300000, 0x00000000eeb00000)
  object space 35840K, 4% used [0x00000000cc000000,0x00000000cc1abb28,0x00000000ce300000)
 Metaspace       used 11742K, capacity 11869K, committed 12032K, reserved 1060864K
  class space    used 1448K, capacity 1507K, committed 1536K, reserved 1048576K
}
Event: 9.755 GC heap before
{Heap before GC invocations=6 (full 0):
 PSYoungGen      total 28672K, used 28672K [0x00000000eeb00000, 0x00000000f2700000, 0x0000000100000000)
  eden space 26624K, 100% used [0x00000000eeb00000,0x00000000f0500000,0x00000000f0500000)
  from space 2048K, 100% used [0x00000000f0500000,0x00000000f0700000,0x00000000f0700000)
  to   space 4096K, 0% used [0x00000000f2300000,0x00000000f2300000,0x00000000f2700000)
 ParOldGen       total 35840K, used 1710K [0x00000000cc000000, 0x00000000ce300000, 0x00000000eeb00000)
  object space 35840K, 4% used [0x00000000cc000000,0x00000000cc1abb28,0x00000000ce300000)
 Metaspace       used 11742K, capacity 11869K, committed 12032K, reserved 1060864K
  class space    used 1448K, capacity 1507K, committed 1536K, reserved 1048576K
Event: 9.763 GC heap after
Heap after GC invocations=6 (full 0):
 PSYoungGen      total 56320K, used 2048K [0x00000000eeb00000, 0x00000000f2600000, 0x0000000100000000)
  eden space 53248K, 0% used [0x00000000eeb00000,0x00000000eeb00000,0x00000000f1f00000)
  from space 3072K, 66% used [0x00000000f2300000,0x00000000f2500000,0x00000000f2600000)
  to   space 3584K, 0% used [0x00000000f1f00000,0x00000000f1f00000,0x00000000f2280000)
 ParOldGen       total 35840K, used 1710K [0x00000000cc000000, 0x00000000ce300000, 0x00000000eeb00000)
  object space 35840K, 4% used [0x00000000cc000000,0x00000000cc1abb28,0x00000000ce300000)
 Metaspace       used 11742K, capacity 11869K, committed 12032K, reserved 1060864K
  class space    used 1448K, capacity 1507K, committed 1536K, reserved 1048576K
}
Event: 9.873 GC heap before
{Heap before GC invocations=7 (full 0):
 PSYoungGen      total 56320K, used 55296K [0x00000000eeb00000, 0x00000000f2600000, 0x0000000100000000)
  eden space 53248K, 100% used [0x00000000eeb00000,0x00000000f1f00000,0x00000000f1f00000)
  from space 3072K, 66% used [0x00000000f2300000,0x00000000f2500000,0x00000000f2600000)
  to   space 3584K, 0% used [0x00000000f1f00000,0x00000000f1f00000,0x00000000f2280000)
 ParOldGen       total 35840K, used 1710K [0x00000000cc000000, 0x00000000ce300000, 0x00000000eeb00000)
  object space 35840K, 4% used [0x00000000cc000000,0x00000000cc1abb28,0x00000000ce300000)
 Metaspace       used 11742K, capacity 11869K, committed 12032K, reserved 1060864K
  class space    used 1448K, capacity 1507K, committed 1536K, reserved 1048576K
Event: 9.948 GC heap after
Heap after GC invocations=7 (full 0):
 PSYoungGen      total 56832K, used 0K [0x00000000eeb00000, 0x00000000f5b00000, 0x0000000100000000)
  eden space 53248K, 0% used [0x00000000eeb00000,0x00000000eeb00000,0x00000000f1f00000)
  from space 3584K, 0% used [0x00000000f1f00000,0x00000000f1f00000,0x00000000f2280000)
  to   space 4096K, 0% used [0x00000000f5700000,0x00000000f5700000,0x00000000f5b00000)
 ParOldGen       total 35840K, used 3746K [0x00000000cc000000, 0x00000000ce300000, 0x00000000eeb00000)
  object space 35840K, 10% used [0x00000000cc000000,0x00000000cc3a8b40,0x00000000ce300000)
 Metaspace       used 11742K, capacity 11869K, committed 12032K, reserved 1060864K
  class space    used 1448K, capacity 1507K, committed 1536K, reserved 1048576K
}

